$ ../../../.venv/bin/python -m pytest

Initial baseline output:
============================= test session starts ==============================
platform darwin -- Python 3.10.19, pytest-9.0.3, pluggy-1.6.0
rootdir: /Users/grantwilkins/houdini/coding-progress-ledger/runs/task_3_config_error_type/repo
configfile: pyproject.toml
testpaths: tests
collected 3 items

tests/test_config_loader.py FFF                                          [100%]

=================================== FAILURES ===================================
________________ test_missing_required_key_raises_config_error _________________

    def test_missing_required_key_raises_config_error():
        with pytest.raises(ConfigError, match="missing required config key: timeout"):
>           load_config({"name": "worker"})

tests/test_config_loader.py:19: 
_ _ _ _ _ _ _ _ _ _ _ _ _ _ _ _ _ _ _ _ _ _ _ _ _ _ _ _ _ _ _ _ _ _ _ _ _ _ _ _ 

raw = {'name': 'worker'}

    def load_config(raw):
        """Validate and normalize a minimal application config."""
        if not isinstance(raw, dict):
            raise ConfigError("config must be a mapping")
    
        for key in REQUIRED_KEYS:
            if key not in raw:
>               raise ValueError(f"missing required config key: {key}")
E               ValueError: missing required config key: timeout

config_loader.py:15: ValueError
__________________ test_wrong_value_type_raises_config_error ___________________

    def test_wrong_value_type_raises_config_error():
        with pytest.raises(ConfigError, match="config key 'timeout' must be int"):
>           load_config({"name": "worker", "timeout": "30"})

tests/test_config_loader.py:24: 
_ _ _ _ _ _ _ _ _ _ _ _ _ _ _ _ _ _ _ _ _ _ _ _ _ _ _ _ _ _ _ _ _ _ _ _ _ _ _ _ 

raw = {'name': 'worker', 'timeout': '30'}

    def load_config(raw):
        """Validate and normalize a minimal application config."""
        if not isinstance(raw, dict):
            raise ConfigError("config must be a mapping")
    
        for key in REQUIRED_KEYS:
            if key not in raw:
                raise ValueError(f"missing required config key: {key}")
    
        name = raw["name"]
        timeout = raw["timeout"]
    
        if not isinstance(name, str):
            raise ConfigError("config key 'name' must be str")
        if not isinstance(timeout, int):
>           raise ValueError("config key 'timeout' must be int")
E           ValueError: config key 'timeout' must be int

config_loader.py:23: ValueError
_________________ test_error_message_is_preserved_for_callers __________________

    def test_error_message_is_preserved_for_callers():
        with pytest.raises(ConfigError) as excinfo:
>           load_config({"name": "worker"})

tests/test_config_loader.py:29: 
_ _ _ _ _ _ _ _ _ _ _ _ _ _ _ _ _ _ _ _ _ _ _ _ _ _ _ _ _ _ _ _ _ _ _ _ _ _ _ _ 

raw = {'name': 'worker'}

    def load_config(raw):
        """Validate and normalize a minimal application config."""
        if not isinstance(raw, dict):
            raise ConfigError("config must be a mapping")
    
        for key in REQUIRED_KEYS:
            if key not in raw:
>               raise ValueError(f"missing required config key: {key}")
E               ValueError: missing required config key: timeout

config_loader.py:15: ValueError
=========================== short test summary info ============================
FAILED tests/test_config_loader.py::test_missing_required_key_raises_config_error
FAILED tests/test_config_loader.py::test_wrong_value_type_raises_config_error
FAILED tests/test_config_loader.py::test_error_message_is_preserved_for_callers
============================== 3 failed in 0.02s ===============================

After first raise-site fix output:
============================= test session starts ==============================
platform darwin -- Python 3.10.19, pytest-9.0.3, pluggy-1.6.0
rootdir: /Users/grantwilkins/houdini/coding-progress-ledger/runs/task_3_config_error_type/repo
configfile: pyproject.toml
testpaths: tests
collected 3 items

tests/test_config_loader.py .F.                                          [100%]

=================================== FAILURES ===================================
__________________ test_wrong_value_type_raises_config_error ___________________

    def test_wrong_value_type_raises_config_error():
        with pytest.raises(ConfigError, match="config key 'timeout' must be int"):
>           load_config({"name": "worker", "timeout": "30"})

tests/test_config_loader.py:24: 
_ _ _ _ _ _ _ _ _ _ _ _ _ _ _ _ _ _ _ _ _ _ _ _ _ _ _ _ _ _ _ _ _ _ _ _ _ _ _ _ 

raw = {'name': 'worker', 'timeout': '30'}

    def load_config(raw):
        """Validate and normalize a minimal application config."""
        if not isinstance(raw, dict):
            raise ConfigError("config must be a mapping")
    
        for key in REQUIRED_KEYS:
            if key not in raw:
                raise ConfigError(f"missing required config key: {key}")
    
        name = raw["name"]
        timeout = raw["timeout"]
    
        if not isinstance(name, str):
            raise ConfigError("config key 'name' must be str")
        if not isinstance(timeout, int):
>           raise ValueError("config key 'timeout' must be int")
E           ValueError: config key 'timeout' must be int

config_loader.py:23: ValueError
=========================== short test summary info ============================
FAILED tests/test_config_loader.py::test_wrong_value_type_raises_config_error
========================= 1 failed, 2 passed in 0.02s ==========================

Final output:
============================= test session starts ==============================
platform darwin -- Python 3.10.19, pytest-9.0.3, pluggy-1.6.0
rootdir: /Users/grantwilkins/houdini/coding-progress-ledger/runs/task_3_config_error_type/repo
configfile: pyproject.toml
testpaths: tests
collected 3 items

tests/test_config_loader.py ...                                          [100%]

============================== 3 passed in 0.01s ===============================
