============================= test session starts ==============================
platform darwin -- Python 3.10.19, pytest-9.0.3, pluggy-1.6.0
rootdir: /Users/grantwilkins/houdini/coding-progress-ledger
configfile: pyproject.toml
collected 39 items

tests/test_categories.py ........                                        [ 20%]
tests/test_golden_fixtures.py .                                          [ 23%]
tests/test_progress_semantics.py ..........                              [ 48%]
tests/test_replay.py ..                                                  [ 53%]
tests/test_serialization.py ...                                          [ 61%]
tests/test_session.py ...                                                [ 69%]
tests/test_suite_hardening.py ...........                                [ 97%]
tests/test_toy_coding_run.py .                                           [100%]

============================== 39 passed in 0.05s ==============================
