============================= test session starts ==============================
platform darwin -- Python 3.10.19, pytest-9.0.3, pluggy-1.6.0
rootdir: /Users/grantwilkins/houdini/coding-progress-ledger
configfile: pyproject.toml
collected 14 items

tests/test_queries.py ...                                                [ 21%]
tests/test_session.py ...                                                [ 42%]
tests/test_categories.py ........                                        [100%]

============================== 14 passed in 0.02s ==============================
S4	product	not_started	1	Patch edge-case rounding behavior
S5	product	not_started	1	Run final validation
